input:插入排序：共500组，数据量：12525000
第1组 数据量：100 1.854 ms  Data Accept.       准确率：100%.
第2组 数据量：200 0.111 ms  Data Accept.       准确率：100%.
第3组 数据量：300 0.189 ms  Data Accept.       准确率：100%.
第4组 数据量：400 0.305 ms  Data Accept.       准确率：100%.
第5组 数据量：500 0.454 ms  Data Accept.       准确率：100%.
第6组 数据量：600 0.623 ms  Data Accept.       准确率：100%.
第7组 数据量：700 0.822 ms  Data Accept.       准确率：100%.
第8组 数据量：800 1.59 ms  Data Accept.       准确率：100%.
第9组 数据量：900 1.393 ms  Data Accept.       准确率：100%.
第10组 数据量：1000 1.701 ms  Data Accept.       准确率：100%.
第11组 数据量：1100 1.973 ms  Data Accept.       准确率：100%.
第12组 数据量：1200 2.156 ms  Data Accept.       准确率：100%.
第13组 数据量：1300 2.519 ms  Data Accept.       准确率：100%.
第14组 数据量：1400 2.951 ms  Data Accept.       准确率：100%.
第15组 数据量：1500 4.097 ms  Data Accept.       准确率：100%.
第16组 数据量：1600 3.942 ms  Data Accept.       准确率：100%.
第17组 数据量：1700 4.333 ms  Data Accept.       准确率：100%.
第18组 数据量：1800 4.807 ms  Data Accept.       准确率：100%.
第19组 数据量：1900 6.679 ms  Data Accept.       准确率：100%.
第20组 数据量：2000 6.03 ms  Data Accept.       准确率：100%.
第21组 数据量：2100 7.21 ms  Data Accept.       准确率：100%.
第22组 数据量：2200 7.194 ms  Data Accept.       准确率：100%.
第23组 数据量：2300 8.125 ms  Data Accept.       准确率：100%.
第24组 数据量：2400 8.94 ms  Data Accept.       准确率：100%.
第25组 数据量：2500 9.312 ms  Data Accept.       准确率：100%.
第26组 数据量：2600 9.893 ms  Data Accept.       准确率：100%.
第27组 数据量：2700 11.27 ms  Data Accept.       准确率：100%.
第28组 数据量：2800 11.445 ms  Data Accept.       准确率：100%.
第29组 数据量：2900 12.913 ms  Data Accept.       准确率：100%.
第30组 数据量：3000 13.773 ms  Data Accept.       准确率：100%.
第31组 数据量：3100 14.453 ms  Data Accept.       准确率：100%.
第32组 数据量：3200 15.371 ms  Data Accept.       准确率：100%.
第33组 数据量：3300 16.18 ms  Data Accept.       准确率：100%.
第34组 数据量：3400 17.408 ms  Data Accept.       准确率：100%.
第35组 数据量：3500 18.629 ms  Data Accept.       准确率：100%.
第36组 数据量：3600 19.165 ms  Data Accept.       准确率：100%.
第37组 数据量：3700 20.11 ms  Data Accept.       准确率：100%.
第38组 数据量：3800 21.653 ms  Data Accept.       准确率：100%.
第39组 数据量：3900 24.323 ms  Data Accept.       准确率：100%.
第40组 数据量：4000 24.664 ms  Data Accept.       准确率：100%.
第41组 数据量：4100 24.786 ms  Data Accept.       准确率：100%.
第42组 数据量：4200 26.109 ms  Data Accept.       准确率：100%.
第43组 数据量：4300 28.119 ms  Data Accept.       准确率：100%.
第44组 数据量：4400 28.567 ms  Data Accept.       准确率：100%.
第45组 数据量：4500 31.875 ms  Data Accept.       准确率：100%.
第46组 数据量：4600 32.25 ms  Data Accept.       准确率：100%.
第47组 数据量：4700 33.732 ms  Data Accept.       准确率：100%.
第48组 数据量：4800 34.498 ms  Data Accept.       准确率：100%.
第49组 数据量：4900 35.579 ms  Data Accept.       准确率：100%.
第50组 数据量：5000 37.722 ms  Data Accept.       准确率：100%.
第51组 数据量：5100 41.255 ms  Data Accept.       准确率：100%.
第52组 数据量：5200 43.472 ms  Data Accept.       准确率：100%.
第53组 数据量：5300 43.734 ms  Data Accept.       准确率：100%.
第54组 数据量：5400 49.788 ms  Data Accept.       准确率：100%.
第55组 数据量：5500 49.015 ms  Data Accept.       准确率：100%.
第56组 数据量：5600 50.289 ms  Data Accept.       准确率：100%.
第57组 数据量：5700 53.188 ms  Data Accept.       准确率：100%.
第58组 数据量：5800 54.043 ms  Data Accept.       准确率：100%.
第59组 数据量：5900 56.672 ms  Data Accept.       准确率：100%.
第60组 数据量：6000 60.161 ms  Data Accept.       准确率：100%.
第61组 数据量：6100 58.457 ms  Data Accept.       准确率：100%.
第62组 数据量：6200 62.8 ms  Data Accept.       准确率：100%.
第63组 数据量：6300 68.352 ms  Data Accept.       准确率：100%.
第64组 数据量：6400 99.193 ms  Data Accept.       准确率：100%.
第65组 数据量：6500 116.464 ms  Data Accept.       准确率：100%.
第66组 数据量：6600 83.339 ms  Data Accept.       准确率：100%.
第67组 数据量：6700 75.07 ms  Data Accept.       准确率：100%.
第68组 数据量：6800 83.603 ms  Data Accept.       准确率：100%.
第69组 数据量：6900 84.684 ms  Data Accept.       准确率：100%.
第70组 数据量：7000 80.878 ms  Data Accept.       准确率：100%.
第71组 数据量：7100 95.565 ms  Data Accept.       准确率：100%.
第72组 数据量：7200 85.327 ms  Data Accept.       准确率：100%.
第73组 数据量：7300 84.189 ms  Data Accept.       准确率：100%.
第74组 数据量：7400 93.727 ms  Data Accept.       准确率：100%.
第75组 数据量：7500 118.316 ms  Data Accept.       准确率：100%.
第76组 数据量：7600 95.221 ms  Data Accept.       准确率：100%.
第77组 数据量：7700 91.357 ms  Data Accept.       准确率：100%.
第78组 数据量：7800 99.937 ms  Data Accept.       准确率：100%.
第79组 数据量：7900 105.084 ms  Data Accept.       准确率：100%.
第80组 数据量：8000 110.094 ms  Data Accept.       准确率：100%.
第81组 数据量：8100 103.836 ms  Data Accept.       准确率：100%.
第82组 数据量：8200 170.128 ms  Data Accept.       准确率：100%.
第83组 数据量：8300 156.35 ms  Data Accept.       准确率：100%.
第84组 数据量：8400 115.799 ms  Data Accept.       准确率：100%.
第85组 数据量：8500 111.909 ms  Data Accept.       准确率：100%.
第86组 数据量：8600 131.916 ms  Data Accept.       准确率：100%.
第87组 数据量：8700 128.769 ms  Data Accept.       准确率：100%.
第88组 数据量：8800 123.156 ms  Data Accept.       准确率：100%.
第89组 数据量：8900 121.802 ms  Data Accept.       准确率：100%.
第90组 数据量：9000 124.666 ms  Data Accept.       准确率：100%.
第91组 数据量：9100 138.547 ms  Data Accept.       准确率：100%.
第92组 数据量：9200 145.561 ms  Data Accept.       准确率：100%.
第93组 数据量：9300 134.624 ms  Data Accept.       准确率：100%.
第94组 数据量：9400 135.202 ms  Data Accept.       准确率：100%.
第95组 数据量：9500 146.708 ms  Data Accept.       准确率：100%.
第96组 数据量：9600 148.935 ms  Data Accept.       准确率：100%.
第97组 数据量：9700 151.691 ms  Data Accept.       准确率：100%.
第98组 数据量：9800 156.381 ms  Data Accept.       准确率：100%.
第99组 数据量：9900 154.853 ms  Data Accept.       准确率：100%.
第100组 数据量：10000 156.705 ms  Data Accept.       准确率：100%.
第101组 数据量：10100 162.788 ms  Data Accept.       准确率：100%.
第102组 数据量：10200 162.681 ms  Data Accept.       准确率：100%.
第103组 数据量：10300 163.77 ms  Data Accept.       准确率：100%.
第104组 数据量：10400 175.28 ms  Data Accept.       准确率：100%.
第105组 数据量：10500 186.222 ms  Data Accept.       准确率：100%.
第106组 数据量：10600 175.727 ms  Data Accept.       准确率：100%.
第107组 数据量：10700 175.549 ms  Data Accept.       准确率：100%.
第108组 数据量：10800 176.116 ms  Data Accept.       准确率：100%.
第109组 数据量：10900 189.854 ms  Data Accept.       准确率：100%.
第110组 数据量：11000 185.74 ms  Data Accept.       准确率：100%.
第111组 数据量：11100 183.489 ms  Data Accept.       准确率：100%.
第112组 数据量：11200 201.904 ms  Data Accept.       准确率：100%.
第113组 数据量：11300 199.421 ms  Data Accept.       准确率：100%.
第114组 数据量：11400 202.543 ms  Data Accept.       准确率：100%.
第115组 数据量：11500 200.734 ms  Data Accept.       准确率：100%.
第116组 数据量：11600 211.032 ms  Data Accept.       准确率：100%.
第117组 数据量：11700 207.412 ms  Data Accept.       准确率：100%.
第118组 数据量：11800 235.802 ms  Data Accept.       准确率：100%.
第119组 数据量：11900 218.51 ms  Data Accept.       准确率：100%.
第120组 数据量：12000 251.687 ms  Data Accept.       准确率：100%.
第121组 数据量：12100 219.776 ms  Data Accept.       准确率：100%.
第122组 数据量：12200 233.196 ms  Data Accept.       准确率：100%.
第123组 数据量：12300 224.149 ms  Data Accept.       准确率：100%.
第124组 数据量：12400 239.889 ms  Data Accept.       准确率：100%.
第125组 数据量：12500 245.973 ms  Data Accept.       准确率：100%.
第126组 数据量：12600 240.401 ms  Data Accept.       准确率：100%.
第127组 数据量：12700 269.92 ms  Data Accept.       准确率：100%.
第128组 数据量：12800 336.3 ms  Data Accept.       准确率：100%.
第129组 数据量：12900 260.302 ms  Data Accept.       准确率：100%.
第130组 数据量：13000 257.298 ms  Data Accept.       准确率：100%.
第131组 数据量：13100 268.245 ms  Data Accept.       准确率：100%.
第132组 数据量：13200 270.325 ms  Data Accept.       准确率：100%.
第133组 数据量：13300 282.61 ms  Data Accept.       准确率：100%.
第134组 数据量：13400 292.721 ms  Data Accept.       准确率：100%.
第135组 数据量：13500 299.562 ms  Data Accept.       准确率：100%.
第136组 数据量：13600 311.92 ms  Data Accept.       准确率：100%.
第137组 数据量：13700 293.411 ms  Data Accept.       准确率：100%.
第138组 数据量：13800 297.477 ms  Data Accept.       准确率：100%.
第139组 数据量：13900 288.184 ms  Data Accept.       准确率：100%.
第140组 数据量：14000 305.582 ms  Data Accept.       准确率：100%.
第141组 数据量：14100 306.713 ms  Data Accept.       准确率：100%.
第142组 数据量：14200 313.801 ms  Data Accept.       准确率：100%.
第143组 数据量：14300 317.857 ms  Data Accept.       准确率：100%.
第144组 数据量：14400 328.942 ms  Data Accept.       准确率：100%.
第145组 数据量：14500 315.16 ms  Data Accept.       准确率：100%.
第146组 数据量：14600 340.612 ms  Data Accept.       准确率：100%.
第147组 数据量：14700 424.927 ms  Data Accept.       准确率：100%.
第148组 数据量：14800 379.085 ms  Data Accept.       准确率：100%.
第149组 数据量：14900 386.021 ms  Data Accept.       准确率：100%.
第150组 数据量：15000 398.697 ms  Data Accept.       准确率：100%.
第151组 数据量：15100 384.83 ms  Data Accept.       准确率：100%.
第152组 数据量：15200 394.773 ms  Data Accept.       准确率：100%.
第153组 数据量：15300 552.666 ms  Data Accept.       准确率：100%.
第154组 数据量：15400 398.165 ms  Data Accept.       准确率：100%.
第155组 数据量：15500 402.441 ms  Data Accept.       准确率：100%.
第156组 数据量：15600 399.491 ms  Data Accept.       准确率：100%.
第157组 数据量：15700 390.641 ms  Data Accept.       准确率：100%.
第158组 数据量：15800 400.477 ms  Data Accept.       准确率：100%.
第159组 数据量：15900 387.968 ms  Data Accept.       准确率：100%.
第160组 数据量：16000 384.169 ms  Data Accept.       准确率：100%.
第161组 数据量：16100 389.236 ms  Data Accept.       准确率：100%.
第162组 数据量：16200 488.704 ms  Data Accept.       准确率：100%.
第163组 数据量：16300 451.794 ms  Data Accept.       准确率：100%.
第164组 数据量：16400 468.957 ms  Data Accept.       准确率：100%.
第165组 数据量：16500 452.975 ms  Data Accept.       准确率：100%.
第166组 数据量：16600 509.587 ms  Data Accept.       准确率：100%.
第167组 数据量：16700 569.333 ms  Data Accept.       准确率：100%.
第168组 数据量：16800 487.974 ms  Data Accept.       准确率：100%.
第169组 数据量：16900 457.952 ms  Data Accept.       准确率：100%.
第170组 数据量：17000 497.458 ms  Data Accept.       准确率：100%.
第171组 数据量：17100 486.272 ms  Data Accept.       准确率：100%.
第172组 数据量：17200 521.656 ms  Data Accept.       准确率：100%.
第173组 数据量：17300 505.122 ms  Data Accept.       准确率：100%.
第174组 数据量：17400 591.241 ms  Data Accept.       准确率：100%.
第175组 数据量：17500 517.875 ms  Data Accept.       准确率：100%.
第176组 数据量：17600 535.742 ms  Data Accept.       准确率：100%.
第177组 数据量：17700 522.299 ms  Data Accept.       准确率：100%.
第178组 数据量：17800 580.931 ms  Data Accept.       准确率：100%.
第179组 数据量：17900 493.072 ms  Data Accept.       准确率：100%.
第180组 数据量：18000 507.808 ms  Data Accept.       准确率：100%.
第181组 数据量：18100 518.386 ms  Data Accept.       准确率：100%.
第182组 数据量：18200 540.776 ms  Data Accept.       准确率：100%.
第183组 数据量：18300 525.011 ms  Data Accept.       准确率：100%.
第184组 数据量：18400 559.872 ms  Data Accept.       准确率：100%.
第185组 数据量：18500 535.512 ms  Data Accept.       准确率：100%.
第186组 数据量：18600 558.982 ms  Data Accept.       准确率：100%.
第187组 数据量：18700 721.064 ms  Data Accept.       准确率：100%.
第188组 数据量：18800 601.965 ms  Data Accept.       准确率：100%.
第189组 数据量：18900 609.511 ms  Data Accept.       准确率：100%.
第190组 数据量：19000 586.891 ms  Data Accept.       准确率：100%.
第191组 数据量：19100 577.409 ms  Data Accept.       准确率：100%.
第192组 数据量：19200 694.183 ms  Data Accept.       准确率：100%.
第193组 数据量：19300 795.287 ms  Data Accept.       准确率：100%.
第194组 数据量：19400 987.593 ms  Data Accept.       准确率：100%.
第195组 数据量：19500 1009.04 ms  Data Accept.       准确率：100%.
第196组 数据量：19600 884.691 ms  Data Accept.       准确率：100%.
第197组 数据量：19700 1118.35 ms  Data Accept.       准确率：100%.
第198组 数据量：19800 913.747 ms  Data Accept.       准确率：100%.
第199组 数据量：19900 795.029 ms  Data Accept.       准确率：100%.
第200组 数据量：20000 831.665 ms  Data Accept.       准确率：100%.
第201组 数据量：20100 646.51 ms  Data Accept.       准确率：100%.
第202组 数据量：20200 634.283 ms  Data Accept.       准确率：100%.
第203组 数据量：20300 664.705 ms  Data Accept.       准确率：100%.
第204组 数据量：20400 717.73 ms  Data Accept.       准确率：100%.
第205组 数据量：20500 787.465 ms  Data Accept.       准确率：100%.
第206组 数据量：20600 639.017 ms  Data Accept.       准确率：100%.
第207组 数据量：20700 688.208 ms  Data Accept.       准确率：100%.
第208组 数据量：20800 692.428 ms  Data Accept.       准确率：100%.
第209组 数据量：20900 680.934 ms  Data Accept.       准确率：100%.
第210组 数据量：21000 673.94 ms  Data Accept.       准确率：100%.
第211组 数据量：21100 736.355 ms  Data Accept.       准确率：100%.
第212组 数据量：21200 709.944 ms  Data Accept.       准确率：100%.
第213组 数据量：21300 718.682 ms  Data Accept.       准确率：100%.
第214组 数据量：21400 691.056 ms  Data Accept.       准确率：100%.
第215组 数据量：21500 707.729 ms  Data Accept.       准确率：100%.
第216组 数据量：21600 722.356 ms  Data Accept.       准确率：100%.
第217组 数据量：21700 829.343 ms  Data Accept.       准确率：100%.
第218组 数据量：21800 774.704 ms  Data Accept.       准确率：100%.
第219组 数据量：21900 723.79 ms  Data Accept.       准确率：100%.
第220组 数据量：22000 726.29 ms  Data Accept.       准确率：100%.
第221组 数据量：22100 732.767 ms  Data Accept.       准确率：100%.
第222组 数据量：22200 727.189 ms  Data Accept.       准确率：100%.
第223组 数据量：22300 792.57 ms  Data Accept.       准确率：100%.
第224组 数据量：22400 850.292 ms  Data Accept.       准确率：100%.
第225组 数据量：22500 804.208 ms  Data Accept.       准确率：100%.
第226组 数据量：22600 791.549 ms  Data Accept.       准确率：100%.
第227组 数据量：22700 841.672 ms  Data Accept.       准确率：100%.
第228组 数据量：22800 814.185 ms  Data Accept.       准确率：100%.
第229组 数据量：22900 827.925 ms  Data Accept.       准确率：100%.
第230组 数据量：23000 788.546 ms  Data Accept.       准确率：100%.
第231组 数据量：23100 799.183 ms  Data Accept.       准确率：100%.
第232组 数据量：23200 876.126 ms  Data Accept.       准确率：100%.
第233组 数据量：23300 816.106 ms  Data Accept.       准确率：100%.
第234组 数据量：23400 857.699 ms  Data Accept.       准确率：100%.
第235组 数据量：23500 852.899 ms  Data Accept.       准确率：100%.
第236组 数据量：23600 854.048 ms  Data Accept.       准确率：100%.
第237组 数据量：23700 979.156 ms  Data Accept.       准确率：100%.
第238组 数据量：23800 847.789 ms  Data Accept.       准确率：100%.
第239组 数据量：23900 862.828 ms  Data Accept.       准确率：100%.
第240组 数据量：24000 860.766 ms  Data Accept.       准确率：100%.
第241组 数据量：24100 867.073 ms  Data Accept.       准确率：100%.
第242组 数据量：24200 961.143 ms  Data Accept.       准确率：100%.
第243组 数据量：24300 891.179 ms  Data Accept.       准确率：100%.
第244组 数据量：24400 894.372 ms  Data Accept.       准确率：100%.
第245组 数据量：24500 887.736 ms  Data Accept.       准确率：100%.
第246组 数据量：24600 906.06 ms  Data Accept.       准确率：100%.
第247组 数据量：24700 997.735 ms  Data Accept.       准确率：100%.
第248组 数据量：24800 915.905 ms  Data Accept.       准确率：100%.
第249组 数据量：24900 924.396 ms  Data Accept.       准确率：100%.
第250组 数据量：25000 938.825 ms  Data Accept.       准确率：100%.
第251组 数据量：25100 971.827 ms  Data Accept.       准确率：100%.
第252组 数据量：25200 954.585 ms  Data Accept.       准确率：100%.
第253组 数据量：25300 953.818 ms  Data Accept.       准确率：100%.
第254组 数据量：25400 1029.32 ms  Data Accept.       准确率：100%.
第255组 数据量：25500 1002.41 ms  Data Accept.       准确率：100%.
第256组 数据量：25600 990.181 ms  Data Accept.       准确率：100%.
第257组 数据量：25700 1029.69 ms  Data Accept.       准确率：100%.
第258组 数据量：25800 995.916 ms  Data Accept.       准确率：100%.
第259组 数据量：25900 1128.83 ms  Data Accept.       准确率：100%.
第260组 数据量：26000 1135.23 ms  Data Accept.       准确率：100%.
第261组 数据量：26100 1064.9 ms  Data Accept.       准确率：100%.
第262组 数据量：26200 1031.19 ms  Data Accept.       准确率：100%.
第263组 数据量：26300 1246.64 ms  Data Accept.       准确率：100%.
第264组 数据量：26400 1103.06 ms  Data Accept.       准确率：100%.
第265组 数据量：26500 1195.84 ms  Data Accept.       准确率：100%.
第266组 数据量：26600 1246.32 ms  Data Accept.       准确率：100%.
第267组 数据量：26700 1161.48 ms  Data Accept.       准确率：100%.
第268组 数据量：26800 1126.8 ms  Data Accept.       准确率：100%.
第269组 数据量：26900 1142.27 ms  Data Accept.       准确率：100%.
第270组 数据量：27000 1234.2 ms  Data Accept.       准确率：100%.
第271组 数据量：27100 1315.77 ms  Data Accept.       准确率：100%.
第272组 数据量：27200 1591.94 ms  Data Accept.       准确率：100%.
第273组 数据量：27300 1661.96 ms  Data Accept.       准确率：100%.
第274组 数据量：27400 1731.81 ms  Data Accept.       准确率：100%.
第275组 数据量：27500 1949.8 ms  Data Accept.       准确率：100%.
第276组 数据量：27600 1664.18 ms  Data Accept.       准确率：100%.
第277组 数据量：27700 1217.86 ms  Data Accept.       准确率：100%.
第278组 数据量：27800 1229.4 ms  Data Accept.       准确率：100%.
第279组 数据量：27900 1291.86 ms  Data Accept.       准确率：100%.
第280组 数据量：28000 1415.4 ms  Data Accept.       准确率：100%.
第281组 数据量：28100 1353.01 ms  Data Accept.       准确率：100%.
第282组 数据量：28200 1321.11 ms  Data Accept.       准确率：100%.
第283组 数据量：28300 1827.91 ms  Data Accept.       准确率：100%.
第284组 数据量：28400 1321.59 ms  Data Accept.       准确率：100%.
第285组 数据量：28500 1629.51 ms  Data Accept.       准确率：100%.
第286组 数据量：28600 1459.46 ms  Data Accept.       准确率：100%.
第287组 数据量：28700 1276.47 ms  Data Accept.       准确率：100%.
第288组 数据量：28800 1320.28 ms  Data Accept.       准确率：100%.
第289组 数据量：28900 1356.2 ms  Data Accept.       准确率：100%.
第290组 数据量：29000 1453.27 ms  Data Accept.       准确率：100%.
第291组 数据量：29100 1304.08 ms  Data Accept.       准确率：100%.
第292组 数据量：29200 1485.5 ms  Data Accept.       准确率：100%.
第293组 数据量：29300 2936.95 ms  Data Accept.       准确率：100%.
第294组 数据量：29400 4607.39 ms  Data Accept.       准确率：100%.
第295组 数据量：29500 3417.85 ms  Data Accept.       准确率：100%.
第296组 数据量：29600 2934.2 ms  Data Accept.       准确率：100%.
第297组 数据量：29700 3157.01 ms  Data Accept.       准确率：100%.
第298组 数据量：29800 2239.92 ms  Data Accept.       准确率：100%.
第299组 数据量：29900 2708.95 ms  Data Accept.       准确率：100%.
第300组 数据量：30000 3237.74 ms  Data Accept.       准确率：100%.
第301组 数据量：30100 2094.36 ms  Data Accept.       准确率：100%.
第302组 数据量：30200 1581.86 ms  Data Accept.       准确率：100%.
第303组 数据量：30300 1448.21 ms  Data Accept.       准确率：100%.
第304组 数据量：30400 1501.29 ms  Data Accept.       准确率：100%.
第305组 数据量：30500 1397.1 ms  Data Accept.       准确率：100%.
第306组 数据量：30600 2421.83 ms  Data Accept.       准确率：100%.
第307组 数据量：30700 3363.05 ms  Data Accept.       准确率：100%.
第308组 数据量：30800 1922.97 ms  Data Accept.       准确率：100%.
第309组 数据量：30900 1587.36 ms  Data Accept.       准确率：100%.
第310组 数据量：31000 1692.03 ms  Data Accept.       准确率：100%.
第311组 数据量：31100 1867.45 ms  Data Accept.       准确率：100%.
第312组 数据量：31200 1504.45 ms  Data Accept.       准确率：100%.
第313组 数据量：31300 1549.78 ms  Data Accept.       准确率：100%.
第314组 数据量：31400 1611.7 ms  Data Accept.       准确率：100%.
第315组 数据量：31500 1710.03 ms  Data Accept.       准确率：100%.
第316组 数据量：31600 1695.84 ms  Data Accept.       准确率：100%.
第317组 数据量：31700 1775.56 ms  Data Accept.       准确率：100%.
第318组 数据量：31800 1805.65 ms  Data Accept.       准确率：100%.
第319组 数据量：31900 1962.06 ms  Data Accept.       准确率：100%.
第320组 数据量：32000 1981.22 ms  Data Accept.       准确率：100%.
第321组 数据量：32100 1643.79 ms  Data Accept.       准确率：100%.
第322组 数据量：32200 1699.32 ms  Data Accept.       准确率：100%.
第323组 数据量：32300 1641.26 ms  Data Accept.       准确率：100%.
第324组 数据量：32400 1622.13 ms  Data Accept.       准确率：100%.
第325组 数据量：32500 1849.77 ms  Data Accept.       准确率：100%.
第326组 数据量：32600 1635.87 ms  Data Accept.       准确率：100%.
第327组 数据量：32700 1605.93 ms  Data Accept.       准确率：100%.
第328组 数据量：32800 1636.32 ms  Data Accept.       准确率：100%.
第329组 数据量：32900 1637.45 ms  Data Accept.       准确率：100%.
第330组 数据量：33000 1799.26 ms  Data Accept.       准确率：100%.
第331组 数据量：33100 1756.47 ms  Data Accept.       准确率：100%.
第332组 数据量：33200 1690.97 ms  Data Accept.       准确率：100%.
第333组 数据量：33300 1944.96 ms  Data Accept.       准确率：100%.
第334组 数据量：33400 4942.49 ms  Data Accept.       准确率：100%.
第335组 数据量：33500 3443.71 ms  Data Accept.       准确率：100%.
第336组 数据量：33600 4002.75 ms  Data Accept.       准确率：100%.
第337组 数据量：33700 4270.77 ms  Data Accept.       准确率：100%.
第338组 数据量：33800 4692.69 ms  Data Accept.       准确率：100%.
第339组 数据量：33900 2017.43 ms  Data Accept.       准确率：100%.
第340组 数据量：34000 1968.67 ms  Data Accept.       准确率：100%.
第341组 数据量：34100 2036.03 ms  Data Accept.       准确率：100%.
第342组 数据量：34200 2031.74 ms  Data Accept.       准确率：100%.
第343组 数据量：34300 2095.98 ms  Data Accept.       准确率：100%.
第344组 数据量：34400 1959.3 ms  Data Accept.       准确率：100%.
第345组 数据量：34500 1910.5 ms  Data Accept.       准确率：100%.
第346组 数据量：34600 1967.96 ms  Data Accept.       准确率：100%.
第347组 数据量：34700 1914.41 ms  Data Accept.       准确率：100%.
第348组 数据量：34800 2006.53 ms  Data Accept.       准确率：100%.
第349组 数据量：34900 1900.67 ms  Data Accept.       准确率：100%.
第350组 数据量：35000 1886.57 ms  Data Accept.       准确率：100%.
第351组 数据量：35100 2046.46 ms  Data Accept.       准确率：100%.
第352组 数据量：35200 2033.3 ms  Data Accept.       准确率：100%.
第353组 数据量：35300 1978.93 ms  Data Accept.       准确率：100%.
第354组 数据量：35400 2102.34 ms  Data Accept.       准确率：100%.
第355组 数据量：35500 2583.56 ms  Data Accept.       准确率：100%.
第356组 数据量：35600 2777.32 ms  Data Accept.       准确率：100%.
第357组 数据量：35700 6528.94 ms  Data Accept.       准确率：100%.
第358组 数据量：35800 3524.8 ms  Data Accept.       准确率：100%.
第359组 数据量：35900 3424.41 ms  Data Accept.       准确率：100%.
第360组 数据量：36000 3183.32 ms  Data Accept.       准确率：100%.
第361组 数据量：36100 4167.16 ms  Data Accept.       准确率：100%.
第362组 数据量：36200 3215.6 ms  Data Accept.       准确率：100%.
第363组 数据量：36300 4817.03 ms  Data Accept.       准确率：100%.
第364组 数据量：36400 3194.79 ms  Data Accept.       准确率：100%.
第365组 数据量：36500 3292.11 ms  Data Accept.       准确率：100%.
第366组 数据量：36600 3930.52 ms  Data Accept.       准确率：100%.
第367组 数据量：36700 5237.85 ms  Data Accept.       准确率：100%.
第368组 数据量：36800 2674.02 ms  Data Accept.       准确率：100%.
第369组 数据量：36900 2725.36 ms  Data Accept.       准确率：100%.
第370组 数据量：37000 4083.27 ms  Data Accept.       准确率：100%.
第371组 数据量：37100 5848.59 ms  Data Accept.       准确率：100%.
第372组 数据量：37200 4203.98 ms  Data Accept.       准确率：100%.
第373组 数据量：37300 5163.31 ms  Data Accept.       准确率：100%.
第374组 数据量：37400 6160.98 ms  Data Accept.       准确率：100%.
第375组 数据量：37500 6038.01 ms  Data Accept.       准确率：100%.
第376组 数据量：37600 4064.43 ms  Data Accept.       准确率：100%.
第377组 数据量：37700 3891.51 ms  Data Accept.       准确率：100%.
第378组 数据量：37800 5249.58 ms  Data Accept.       准确率：100%.
第379组 数据量：37900 6913.73 ms  Data Accept.       准确率：100%.
第380组 数据量：38000 4757.74 ms  Data Accept.       准确率：100%.
第381组 数据量：38100 6372.4 ms  Data Accept.       准确率：100%.
第382组 数据量：38200 5727.99 ms  Data Accept.       准确率：100%.
第383组 数据量：38300 5184.41 ms  Data Accept.       准确率：100%.
第384组 数据量：38400 6028.3 ms  Data Accept.       准确率：100%.
第385组 数据量：38500 4753.35 ms  Data Accept.       准确率：100%.
第386组 数据量：38600 6134.99 ms  Data Accept.       准确率：100%.
第387组 数据量：38700 5324.22 ms  Data Accept.       准确率：100%.
第388组 数据量：38800 3346.78 ms  Data Accept.       准确率：100%.
第389组 数据量：38900 2486.45 ms  Data Accept.       准确率：100%.
第390组 数据量：39000 2503.41 ms  Data Accept.       准确率：100%.
第391组 数据量：39100 2692.57 ms  Data Accept.       准确率：100%.
第392组 数据量：39200 2695.17 ms  Data Accept.       准确率：100%.
第393组 数据量：39300 2883.67 ms  Data Accept.       准确率：100%.
第394组 数据量：39400 2548.21 ms  Data Accept.       准确率：100%.
第395组 数据量：39500 2394.08 ms  Data Accept.       准确率：100%.
第396组 数据量：39600 2764.66 ms  Data Accept.       准确率：100%.
第397组 数据量：39700 2288.59 ms  Data Accept.       准确率：100%.
第398组 数据量：39800 2543.84 ms  Data Accept.       准确率：100%.
第399组 数据量：39900 1.79158e+07 ms  Data Accept.       准确率：100%.
第400组 数据量：40000 16210 ms  Data Accept.       准确率：100%.
第401组 数据量：40100 7954.16 ms  Data Accept.       准确率：100%.
第402组 数据量：40200 5253.73 ms  Data Accept.       准确率：100%.
input:input:input:Insertion Sort: A total of500groups, Data size:12525000
2026-05-15 23:17:11
1 group ,Data size:100 2.93 ms  Data Accept.       Accuracy:100%.
2 group ,Data size:200 0.247 ms  Data Accept.       Accuracy:100%.
3 group ,Data size:300 0.318 ms  Data Accept.       Accuracy:100%.
4 group ,Data size:400 0.459 ms  Data Accept.       Accuracy:100%.
5 group ,Data size:500 0.735 ms  Data Accept.       Accuracy:100%.
6 group ,Data size:600 1.054 ms  Data Accept.       Accuracy:100%.
7 group ,Data size:700 1.252 ms  Data Accept.       Accuracy:100%.
8 group ,Data size:800 1.455 ms  Data Accept.       Accuracy:100%.
9 group ,Data size:900 2.104 ms  Data Accept.       Accuracy:100%.
10 group ,Data size:1000 2.578 ms  Data Accept.       Accuracy:100%.
11 group ,Data size:1100 3.263 ms  Data Accept.       Accuracy:100%.
12 group ,Data size:1200 3.758 ms  Data Accept.       Accuracy:100%.
13 group ,Data size:1300 4.284 ms  Data Accept.       Accuracy:100%.
14 group ,Data size:1400 5.08 ms  Data Accept.       Accuracy:100%.
15 group ,Data size:1500 6.242 ms  Data Accept.       Accuracy:100%.
16 group ,Data size:1600 7.453 ms  Data Accept.       Accuracy:100%.
17 group ,Data size:1700 8.635 ms  Data Accept.       Accuracy:100%.
18 group ,Data size:1800 9.538 ms  Data Accept.       Accuracy:100%.
19 group ,Data size:1900 44.66 ms  Data Accept.       Accuracy:100%.
20 group ,Data size:2000 58.125 ms  Data Accept.       Accuracy:100%.
21 group ,Data size:2100 11.87 ms  Data Accept.       Accuracy:100%.
22 group ,Data size:2200 24.66 ms  Data Accept.       Accuracy:100%.
23 group ,Data size:2300 14.257 ms  Data Accept.       Accuracy:100%.
24 group ,Data size:2400 16.735 ms  Data Accept.       Accuracy:100%.
25 group ,Data size:2500 34.168 ms  Data Accept.       Accuracy:100%.
26 group ,Data size:2600 29.209 ms  Data Accept.       Accuracy:100%.
27 group ,Data size:2700 27.803 ms  Data Accept.       Accuracy:100%.
28 group ,Data size:2800 31.464 ms  Data Accept.       Accuracy:100%.
29 group ,Data size:2900 19.285 ms  Data Accept.       Accuracy:100%.
30 group ,Data size:3000 21.127 ms  Data Accept.       Accuracy:100%.
31 group ,Data size:3100 23.588 ms  Data Accept.       Accuracy:100%.
32 group ,Data size:3200 40.552 ms  Data Accept.       Accuracy:100%.
33 group ,Data size:3300 30.957 ms  Data Accept.       Accuracy:100%.
34 group ,Data size:3400 38.758 ms  Data Accept.       Accuracy:100%.
35 group ,Data size:3500 36.093 ms  Data Accept.       Accuracy:100%.
36 group ,Data size:3600 38.179 ms  Data Accept.       Accuracy:100%.
37 group ,Data size:3700 43.313 ms  Data Accept.       Accuracy:100%.
38 group ,Data size:3800 48.083 ms  Data Accept.       Accuracy:100%.
39 group ,Data size:3900 43.908 ms  Data Accept.       Accuracy:100%.
40 group ,Data size:4000 45.792 ms  Data Accept.       Accuracy:100%.
41 group ,Data size:4100 52.522 ms  Data Accept.       Accuracy:100%.
42 group ,Data size:4200 64.984 ms  Data Accept.       Accuracy:100%.
43 group ,Data size:4300 61.114 ms  Data Accept.       Accuracy:100%.
44 group ,Data size:4400 91.944 ms  Data Accept.       Accuracy:100%.
45 group ,Data size:4500 103.489 ms  Data Accept.       Accuracy:100%.
46 group ,Data size:4600 93.961 ms  Data Accept.       Accuracy:100%.
47 group ,Data size:4700 58.573 ms  Data Accept.       Accuracy:100%.
48 group ,Data size:4800 65.803 ms  Data Accept.       Accuracy:100%.
49 group ,Data size:4900 73.892 ms  Data Accept.       Accuracy:100%.
50 group ,Data size:5000 96.578 ms  Data Accept.       Accuracy:100%.
51 group ,Data size:5100 95.117 ms  Data Accept.       Accuracy:100%.
52 group ,Data size:5200 91.29 ms  Data Accept.       Accuracy:100%.
53 group ,Data size:5300 86.147 ms  Data Accept.       Accuracy:100%.
54 group ,Data size:5400 193.961 ms  Data Accept.       Accuracy:100%.
55 group ,Data size:5500 116.197 ms  Data Accept.       Accuracy:100%.
56 group ,Data size:5600 98.177 ms  Data Accept.       Accuracy:100%.
57 group ,Data size:5700 85.932 ms  Data Accept.       Accuracy:100%.
58 group ,Data size:5800 129.029 ms  Data Accept.       Accuracy:100%.
59 group ,Data size:5900 187.79 ms  Data Accept.       Accuracy:100%.
60 group ,Data size:6000 123.928 ms  Data Accept.       Accuracy:100%.
61 group ,Data size:6100 183.725 ms  Data Accept.       Accuracy:100%.
62 group ,Data size:6200 147.975 ms  Data Accept.       Accuracy:100%.
63 group ,Data size:6300 115.684 ms  Data Accept.       Accuracy:100%.
64 group ,Data size:6400 284.306 ms  Data Accept.       Accuracy:100%.
65 group ,Data size:6500 175.778 ms  Data Accept.       Accuracy:100%.
66 group ,Data size:6600 168.73 ms  Data Accept.       Accuracy:100%.
67 group ,Data size:6700 201.734 ms  Data Accept.       Accuracy:100%.
68 group ,Data size:6800 316.921 ms  Data Accept.       Accuracy:100%.
69 group ,Data size:6900 196.397 ms  Data Accept.       Accuracy:100%.
70 group ,Data size:7000 175.105 ms  Data Accept.       Accuracy:100%.
71 group ,Data size:7100 162.019 ms  Data Accept.       Accuracy:100%.
72 group ,Data size:7200 185.714 ms  Data Accept.       Accuracy:100%.
73 group ,Data size:7300 350.364 ms  Data Accept.       Accuracy:100%.
74 group ,Data size:7400 216.501 ms  Data Accept.       Accuracy:100%.
75 group ,Data size:7500 164.694 ms  Data Accept.       Accuracy:100%.
76 group ,Data size:7600 171.771 ms  Data Accept.       Accuracy:100%.
77 group ,Data size:7700 237.874 ms  Data Accept.       Accuracy:100%.
78 group ,Data size:7800 283.343 ms  Data Accept.       Accuracy:100%.
79 group ,Data size:7900 176.566 ms  Data Accept.       Accuracy:100%.
80 group ,Data size:8000 198.54 ms  Data Accept.       Accuracy:100%.
81 group ,Data size:8100 179.908 ms  Data Accept.       Accuracy:100%.
82 group ,Data size:8200 150.877 ms  Data Accept.       Accuracy:100%.
83 group ,Data size:8300 216.925 ms  Data Accept.       Accuracy:100%.
84 group ,Data size:8400 263.483 ms  Data Accept.       Accuracy:100%.
85 group ,Data size:8500 159.868 ms  Data Accept.       Accuracy:100%.
86 group ,Data size:8600 165.019 ms  Data Accept.       Accuracy:100%.
87 group ,Data size:8700 137.893 ms  Data Accept.       Accuracy:100%.
88 group ,Data size:8800 118.13 ms  Data Accept.       Accuracy:100%.
89 group ,Data size:8900 124.688 ms  Data Accept.       Accuracy:100%.
90 group ,Data size:9000 121.984 ms  Data Accept.       Accuracy:100%.
91 group ,Data size:9100 133.957 ms  Data Accept.       Accuracy:100%.
92 group ,Data size:9200 173.476 ms  Data Accept.       Accuracy:100%.
93 group ,Data size:9300 299.816 ms  Data Accept.       Accuracy:100%.
94 group ,Data size:9400 152.124 ms  Data Accept.       Accuracy:100%.
95 group ,Data size:9500 174.985 ms  Data Accept.       Accuracy:100%.
96 group ,Data size:9600 268.18 ms  Data Accept.       Accuracy:100%.
97 group ,Data size:9700 198.553 ms  Data Accept.       Accuracy:100%.
98 group ,Data size:9800 227.254 ms  Data Accept.       Accuracy:100%.
99 group ,Data size:9900 332.364 ms  Data Accept.       Accuracy:100%.
100 group ,Data size:10000 312.978 ms  Data Accept.       Accuracy:100%.
101 group ,Data size:10100 313.877 ms  Data Accept.       Accuracy:100%.
102 group ,Data size:10200 181.778 ms  Data Accept.       Accuracy:100%.
103 group ,Data size:10300 192.947 ms  Data Accept.       Accuracy:100%.
104 group ,Data size:10400 189.513 ms  Data Accept.       Accuracy:100%.
105 group ,Data size:10500 188.471 ms  Data Accept.       Accuracy:100%.
106 group ,Data size:10600 188.564 ms  Data Accept.       Accuracy:100%.
107 group ,Data size:10700 200.179 ms  Data Accept.       Accuracy:100%.
108 group ,Data size:10800 212.168 ms  Data Accept.       Accuracy:100%.
109 group ,Data size:10900 194.218 ms  Data Accept.       Accuracy:100%.
110 group ,Data size:11000 198.814 ms  Data Accept.       Accuracy:100%.
111 group ,Data size:11100 214.512 ms  Data Accept.       Accuracy:100%.
112 group ,Data size:11200 195.375 ms  Data Accept.       Accuracy:100%.
113 group ,Data size:11300 239.281 ms  Data Accept.       Accuracy:100%.
114 group ,Data size:11400 297.178 ms  Data Accept.       Accuracy:100%.
115 group ,Data size:11500 231.602 ms  Data Accept.       Accuracy:100%.
116 group ,Data size:11600 208.572 ms  Data Accept.       Accuracy:100%.
117 group ,Data size:11700 270.563 ms  Data Accept.       Accuracy:100%.
118 group ,Data size:11800 327.696 ms  Data Accept.       Accuracy:100%.
119 group ,Data size:11900 303.27 ms  Data Accept.       Accuracy:100%.
120 group ,Data size:12000 259.798 ms  Data Accept.       Accuracy:100%.
121 group ,Data size:12100 222.288 ms  Data Accept.       Accuracy:100%.
122 group ,Data size:12200 248.457 ms  Data Accept.       Accuracy:100%.
123 group ,Data size:12300 256.443 ms  Data Accept.       Accuracy:100%.
124 group ,Data size:12400 271.69 ms  Data Accept.       Accuracy:100%.
125 group ,Data size:12500 254.633 ms  Data Accept.       Accuracy:100%.
126 group ,Data size:12600 260.599 ms  Data Accept.       Accuracy:100%.
127 group ,Data size:12700 260.082 ms  Data Accept.       Accuracy:100%.
128 group ,Data size:12800 256.541 ms  Data Accept.       Accuracy:100%.
129 group ,Data size:12900 253.98 ms  Data Accept.       Accuracy:100%.
130 group ,Data size:13000 311.348 ms  Data Accept.       Accuracy:100%.
131 group ,Data size:13100 299.849 ms  Data Accept.       Accuracy:100%.
132 group ,Data size:13200 291.065 ms  Data Accept.       Accuracy:100%.
133 group ,Data size:13300 678.456 ms  Data Accept.       Accuracy:100%.
134 group ,Data size:13400 333.566 ms  Data Accept.       Accuracy:100%.
135 group ,Data size:13500 340.633 ms  Data Accept.       Accuracy:100%.
136 group ,Data size:13600 402.231 ms  Data Accept.       Accuracy:100%.
137 group ,Data size:13700 455.294 ms  Data Accept.       Accuracy:100%.
138 group ,Data size:13800 408.778 ms  Data Accept.       Accuracy:100%.
139 group ,Data size:13900 430.43 ms  Data Accept.       Accuracy:100%.
140 group ,Data size:14000 407.126 ms  Data Accept.       Accuracy:100%.
141 group ,Data size:14100 490.514 ms  Data Accept.       Accuracy:100%.
142 group ,Data size:14200 644.322 ms  Data Accept.       Accuracy:100%.
143 group ,Data size:14300 630.898 ms  Data Accept.       Accuracy:100%.
144 group ,Data size:14400 545.885 ms  Data Accept.       Accuracy:100%.
145 group ,Data size:14500 389.305 ms  Data Accept.       Accuracy:100%.
146 group ,Data size:14600 351.109 ms  Data Accept.       Accuracy:100%.
147 group ,Data size:14700 356.61 ms  Data Accept.       Accuracy:100%.
148 group ,Data size:14800 352.312 ms  Data Accept.       Accuracy:100%.
149 group ,Data size:14900 459.425 ms  Data Accept.       Accuracy:100%.
150 group ,Data size:15000 557.52 ms  Data Accept.       Accuracy:100%.
151 group ,Data size:15100 491.593 ms  Data Accept.       Accuracy:100%.
152 group ,Data size:15200 662.538 ms  Data Accept.       Accuracy:100%.
153 group ,Data size:15300 1272.96 ms  Data Accept.       Accuracy:100%.
154 group ,Data size:15400 819.186 ms  Data Accept.       Accuracy:100%.
155 group ,Data size:15500 417.409 ms  Data Accept.       Accuracy:100%.
156 group ,Data size:15600 393.806 ms  Data Accept.       Accuracy:100%.
157 group ,Data size:15700 403.466 ms  Data Accept.       Accuracy:100%.
158 group ,Data size:15800 389.404 ms  Data Accept.       Accuracy:100%.
159 group ,Data size:15900 444.062 ms  Data Accept.       Accuracy:100%.
160 group ,Data size:16000 680.857 ms  Data Accept.       Accuracy:100%.
161 group ,Data size:16100 615.303 ms  Data Accept.       Accuracy:100%.
162 group ,Data size:16200 783.362 ms  Data Accept.       Accuracy:100%.
163 group ,Data size:16300 553.474 ms  Data Accept.       Accuracy:100%.
164 group ,Data size:16400 431.322 ms  Data Accept.       Accuracy:100%.
165 group ,Data size:16500 533.234 ms  Data Accept.       Accuracy:100%.
166 group ,Data size:16600 613.905 ms  Data Accept.       Accuracy:100%.
167 group ,Data size:16700 578.095 ms  Data Accept.       Accuracy:100%.
168 group ,Data size:16800 484.591 ms  Data Accept.       Accuracy:100%.
169 group ,Data size:16900 456.864 ms  Data Accept.       Accuracy:100%.
170 group ,Data size:17000 511.282 ms  Data Accept.       Accuracy:100%.
171 group ,Data size:17100 455.814 ms  Data Accept.       Accuracy:100%.
172 group ,Data size:17200 443.843 ms  Data Accept.       Accuracy:100%.
173 group ,Data size:17300 549.772 ms  Data Accept.       Accuracy:100%.
174 group ,Data size:17400 476.497 ms  Data Accept.       Accuracy:100%.
175 group ,Data size:17500 503.341 ms  Data Accept.       Accuracy:100%.
176 group ,Data size:17600 621.894 ms  Data Accept.       Accuracy:100%.
177 group ,Data size:17700 668.944 ms  Data Accept.       Accuracy:100%.
178 group ,Data size:17800 569.882 ms  Data Accept.       Accuracy:100%.
179 group ,Data size:17900 564.837 ms  Data Accept.       Accuracy:100%.
180 group ,Data size:18000 552.709 ms  Data Accept.       Accuracy:100%.
181 group ,Data size:18100 508.434 ms  Data Accept.       Accuracy:100%.
182 group ,Data size:18200 710.031 ms  Data Accept.       Accuracy:100%.
183 group ,Data size:18300 898.557 ms  Data Accept.       Accuracy:100%.
184 group ,Data size:18400 741.252 ms  Data Accept.       Accuracy:100%.
185 group ,Data size:18500 677.444 ms  Data Accept.       Accuracy:100%.
186 group ,Data size:18600 775.544 ms  Data Accept.       Accuracy:100%.
187 group ,Data size:18700 680.198 ms  Data Accept.       Accuracy:100%.
188 group ,Data size:18800 746.144 ms  Data Accept.       Accuracy:100%.
189 group ,Data size:18900 886.481 ms  Data Accept.       Accuracy:100%.
190 group ,Data size:19000 793.793 ms  Data Accept.       Accuracy:100%.
191 group ,Data size:19100 788.247 ms  Data Accept.       Accuracy:100%.
192 group ,Data size:19200 961.576 ms  Data Accept.       Accuracy:100%.
193 group ,Data size:19300 653.286 ms  Data Accept.       Accuracy:100%.
194 group ,Data size:19400 701.581 ms  Data Accept.       Accuracy:100%.
195 group ,Data size:19500 685.244 ms  Data Accept.       Accuracy:100%.
196 group ,Data size:19600 628.079 ms  Data Accept.       Accuracy:100%.
197 group ,Data size:19700 640.503 ms  Data Accept.       Accuracy:100%.
198 group ,Data size:19800 650.118 ms  Data Accept.       Accuracy:100%.
199 group ,Data size:19900 639.86 ms  Data Accept.       Accuracy:100%.
200 group ,Data size:20000 692.84 ms  Data Accept.       Accuracy:100%.
201 group ,Data size:20100 636.862 ms  Data Accept.       Accuracy:100%.
202 group ,Data size:20200 645.256 ms  Data Accept.       Accuracy:100%.
203 group ,Data size:20300 644.233 ms  Data Accept.       Accuracy:100%.
204 group ,Data size:20400 645.576 ms  Data Accept.       Accuracy:100%.
205 group ,Data size:20500 739.058 ms  Data Accept.       Accuracy:100%.
206 group ,Data size:20600 985.781 ms  Data Accept.       Accuracy:100%.
207 group ,Data size:20700 1141.4 ms  Data Accept.       Accuracy:100%.
208 group ,Data size:20800 1015.1 ms  Data Accept.       Accuracy:100%.
209 group ,Data size:20900 924.831 ms  Data Accept.       Accuracy:100%.
210 group ,Data size:21000 930.851 ms  Data Accept.       Accuracy:100%.
211 group ,Data size:21100 943.981 ms  Data Accept.       Accuracy:100%.
212 group ,Data size:21200 1072.95 ms  Data Accept.       Accuracy:100%.
213 group ,Data size:21300 748.248 ms  Data Accept.       Accuracy:100%.
214 group ,Data size:21400 786.481 ms  Data Accept.       Accuracy:100%.
215 group ,Data size:21500 777.867 ms  Data Accept.       Accuracy:100%.
216 group ,Data size:21600 878.649 ms  Data Accept.       Accuracy:100%.
217 group ,Data size:21700 775.578 ms  Data Accept.       Accuracy:100%.
218 group ,Data size:21800 769.796 ms  Data Accept.       Accuracy:100%.
219 group ,Data size:21900 794.103 ms  Data Accept.       Accuracy:100%.
220 group ,Data size:22000 775.585 ms  Data Accept.       Accuracy:100%.
221 group ,Data size:22100 752.028 ms  Data Accept.       Accuracy:100%.
222 group ,Data size:22200 742.904 ms  Data Accept.       Accuracy:100%.
223 group ,Data size:22300 817.623 ms  Data Accept.       Accuracy:100%.
224 group ,Data size:22400 834.639 ms  Data Accept.       Accuracy:100%.
225 group ,Data size:22500 951.216 ms  Data Accept.       Accuracy:100%.
226 group ,Data size:22600 864.969 ms  Data Accept.       Accuracy:100%.
227 group ,Data size:22700 874.842 ms  Data Accept.       Accuracy:100%.
228 group ,Data size:22800 1159.07 ms  Data Accept.       Accuracy:100%.
229 group ,Data size:22900 1212.85 ms  Data Accept.       Accuracy:100%.
230 group ,Data size:23000 908.095 ms  Data Accept.       Accuracy:100%.
231 group ,Data size:23100 887.506 ms  Data Accept.       Accuracy:100%.
232 group ,Data size:23200 827.882 ms  Data Accept.       Accuracy:100%.
233 group ,Data size:23300 834.41 ms  Data Accept.       Accuracy:100%.
234 group ,Data size:23400 843.572 ms  Data Accept.       Accuracy:100%.
235 group ,Data size:23500 849.112 ms  Data Accept.       Accuracy:100%.
236 group ,Data size:23600 851.339 ms  Data Accept.       Accuracy:100%.
237 group ,Data size:23700 857.047 ms  Data Accept.       Accuracy:100%.
238 group ,Data size:23800 856.944 ms  Data Accept.       Accuracy:100%.
239 group ,Data size:23900 1003.15 ms  Data Accept.       Accuracy:100%.
240 group ,Data size:24000 891.874 ms  Data Accept.       Accuracy:100%.
241 group ,Data size:24100 883.263 ms  Data Accept.       Accuracy:100%.
242 group ,Data size:24200 895.41 ms  Data Accept.       Accuracy:100%.
243 group ,Data size:24300 903.146 ms  Data Accept.       Accuracy:100%.
244 group ,Data size:24400 1042.59 ms  Data Accept.       Accuracy:100%.
245 group ,Data size:24500 927.317 ms  Data Accept.       Accuracy:100%.
246 group ,Data size:24600 918.374 ms  Data Accept.       Accuracy:100%.
247 group ,Data size:24700 953.339 ms  Data Accept.       Accuracy:100%.
248 group ,Data size:24800 1240.78 ms  Data Accept.       Accuracy:100%.
249 group ,Data size:24900 984.432 ms  Data Accept.       Accuracy:100%.
250 group ,Data size:25000 1021.05 ms  Data Accept.       Accuracy:100%.
251 group ,Data size:25100 963.07 ms  Data Accept.       Accuracy:100%.
252 group ,Data size:25200 964.512 ms  Data Accept.       Accuracy:100%.
253 group ,Data size:25300 974.838 ms  Data Accept.       Accuracy:100%.
254 group ,Data size:25400 1003.34 ms  Data Accept.       Accuracy:100%.
255 group ,Data size:25500 990.283 ms  Data Accept.       Accuracy:100%.
256 group ,Data size:25600 988.798 ms  Data Accept.       Accuracy:100%.
257 group ,Data size:25700 1110.24 ms  Data Accept.       Accuracy:100%.
258 group ,Data size:25800 1025.17 ms  Data Accept.       Accuracy:100%.
259 group ,Data size:25900 1022.37 ms  Data Accept.       Accuracy:100%.
260 group ,Data size:26000 1035.06 ms  Data Accept.       Accuracy:100%.
261 group ,Data size:26100 1043.62 ms  Data Accept.       Accuracy:100%.
262 group ,Data size:26200 1036.56 ms  Data Accept.       Accuracy:100%.
263 group ,Data size:26300 1062.48 ms  Data Accept.       Accuracy:100%.
264 group ,Data size:26400 1047.61 ms  Data Accept.       Accuracy:100%.
265 group ,Data size:26500 1061.08 ms  Data Accept.       Accuracy:100%.
266 group ,Data size:26600 1079.65 ms  Data Accept.       Accuracy:100%.
267 group ,Data size:26700 1089.96 ms  Data Accept.       Accuracy:100%.
268 group ,Data size:26800 1088.14 ms  Data Accept.       Accuracy:100%.
269 group ,Data size:26900 1094.97 ms  Data Accept.       Accuracy:100%.
270 group ,Data size:27000 1099.95 ms  Data Accept.       Accuracy:100%.
271 group ,Data size:27100 1120.31 ms  Data Accept.       Accuracy:100%.
272 group ,Data size:27200 1124.27 ms  Data Accept.       Accuracy:100%.
273 group ,Data size:27300 1141.64 ms  Data Accept.       Accuracy:100%.
274 group ,Data size:27400 1136.99 ms  Data Accept.       Accuracy:100%.
275 group ,Data size:27500 1152.03 ms  Data Accept.       Accuracy:100%.
276 group ,Data size:27600 1163.32 ms  Data Accept.       Accuracy:100%.
277 group ,Data size:27700 1167.3 ms  Data Accept.       Accuracy:100%.
278 group ,Data size:27800 1235.56 ms  Data Accept.       Accuracy:100%.
279 group ,Data size:27900 1185.53 ms  Data Accept.       Accuracy:100%.
280 group ,Data size:28000 1191.14 ms  Data Accept.       Accuracy:100%.
281 group ,Data size:28100 1204.76 ms  Data Accept.       Accuracy:100%.
282 group ,Data size:28200 1246.45 ms  Data Accept.       Accuracy:100%.
283 group ,Data size:28300 1219.15 ms  Data Accept.       Accuracy:100%.
284 group ,Data size:28400 1255.23 ms  Data Accept.       Accuracy:100%.
285 group ,Data size:28500 1245.8 ms  Data Accept.       Accuracy:100%.
286 group ,Data size:28600 1242.72 ms  Data Accept.       Accuracy:100%.
287 group ,Data size:28700 1242.64 ms  Data Accept.       Accuracy:100%.
288 group ,Data size:28800 1264.5 ms  Data Accept.       Accuracy:100%.
289 group ,Data size:28900 1249.69 ms  Data Accept.       Accuracy:100%.
290 group ,Data size:29000 1272.45 ms  Data Accept.       Accuracy:100%.
291 group ,Data size:29100 1284.81 ms  Data Accept.       Accuracy:100%.
292 group ,Data size:29200 1306.66 ms  Data Accept.       Accuracy:100%.
293 group ,Data size:29300 1389.44 ms  Data Accept.       Accuracy:100%.
294 group ,Data size:29400 1372.08 ms  Data Accept.       Accuracy:100%.
295 group ,Data size:29500 1330.02 ms  Data Accept.       Accuracy:100%.
296 group ,Data size:29600 1344.32 ms  Data Accept.       Accuracy:100%.
297 group ,Data size:29700 1362.91 ms  Data Accept.       Accuracy:100%.
298 group ,Data size:29800 1658.52 ms  Data Accept.       Accuracy:100%.
299 group ,Data size:29900 1660.88 ms  Data Accept.       Accuracy:100%.
300 group ,Data size:30000 1832.11 ms  Data Accept.       Accuracy:100%.
301 group ,Data size:30100 1957.76 ms  Data Accept.       Accuracy:100%.
302 group ,Data size:30200 1868.78 ms  Data Accept.       Accuracy:100%.
303 group ,Data size:30300 1852.61 ms  Data Accept.       Accuracy:100%.
304 group ,Data size:30400 1660.06 ms  Data Accept.       Accuracy:100%.
305 group ,Data size:30500 1853.43 ms  Data Accept.       Accuracy:100%.
306 group ,Data size:30600 1560.39 ms  Data Accept.       Accuracy:100%.
307 group ,Data size:30700 1567.94 ms  Data Accept.       Accuracy:100%.
308 group ,Data size:30800 1538.68 ms  Data Accept.       Accuracy:100%.
309 group ,Data size:30900 1662.92 ms  Data Accept.       Accuracy:100%.
310 group ,Data size:31000 1865.9 ms  Data Accept.       Accuracy:100%.
311 group ,Data size:31100 1633.93 ms  Data Accept.       Accuracy:100%.
312 group ,Data size:31200 1609.62 ms  Data Accept.       Accuracy:100%.
313 group ,Data size:31300 1761.13 ms  Data Accept.       Accuracy:100%.
314 group ,Data size:31400 1914.24 ms  Data Accept.       Accuracy:100%.
315 group ,Data size:31500 1665.23 ms  Data Accept.       Accuracy:100%.
316 group ,Data size:31600 4026.71 ms  Data Accept.       Accuracy:100%.
317 group ,Data size:31700 2871.66 ms  Data Accept.       Accuracy:100%.
318 group ,Data size:31800 2287.19 ms  Data Accept.       Accuracy:100%.
319 group ,Data size:31900 2558.18 ms  Data Accept.       Accuracy:100%.
320 group ,Data size:32000 2638.88 ms  Data Accept.       Accuracy:100%.
321 group ,Data size:32100 2942.78 ms  Data Accept.       Accuracy:100%.
322 group ,Data size:32200 2243.09 ms  Data Accept.       Accuracy:100%.
323 group ,Data size:32300 2788.13 ms  Data Accept.       Accuracy:100%.
324 group ,Data size:32400 2513.83 ms  Data Accept.       Accuracy:100%.
325 group ,Data size:32500 2437.31 ms  Data Accept.       Accuracy:100%.
326 group ,Data size:32600 2925.36 ms  Data Accept.       Accuracy:100%.
327 group ,Data size:32700 2925.52 ms  Data Accept.       Accuracy:100%.
328 group ,Data size:32800 2082.19 ms  Data Accept.       Accuracy:100%.
329 group ,Data size:32900 2209.35 ms  Data Accept.       Accuracy:100%.
330 group ,Data size:33000 1837.07 ms  Data Accept.       Accuracy:100%.
331 group ,Data size:33100 1984.37 ms  Data Accept.       Accuracy:100%.
332 group ,Data size:33200 2105.25 ms  Data Accept.       Accuracy:100%.
333 group ,Data size:33300 1921.8 ms  Data Accept.       Accuracy:100%.
334 group ,Data size:33400 2418.27 ms  Data Accept.       Accuracy:100%.
335 group ,Data size:33500 2068.72 ms  Data Accept.       Accuracy:100%.
336 group ,Data size:33600 1927.46 ms  Data Accept.       Accuracy:100%.
337 group ,Data size:33700 1913.07 ms  Data Accept.       Accuracy:100%.
338 group ,Data size:33800 1882.7 ms  Data Accept.       Accuracy:100%.
339 group ,Data size:33900 1822.23 ms  Data Accept.       Accuracy:100%.
340 group ,Data size:34000 1826.44 ms  Data Accept.       Accuracy:100%.
341 group ,Data size:34100 1992.58 ms  Data Accept.       Accuracy:100%.
342 group ,Data size:34200 1876.45 ms  Data Accept.       Accuracy:100%.
343 group ,Data size:34300 1884.16 ms  Data Accept.       Accuracy:100%.
344 group ,Data size:34400 2260.17 ms  Data Accept.       Accuracy:100%.
345 group ,Data size:34500 2332.35 ms  Data Accept.       Accuracy:100%.
346 group ,Data size:34600 1924.17 ms  Data Accept.       Accuracy:100%.
347 group ,Data size:34700 1949.01 ms  Data Accept.       Accuracy:100%.
348 group ,Data size:34800 2006.38 ms  Data Accept.       Accuracy:100%.
349 group ,Data size:34900 1978.6 ms  Data Accept.       Accuracy:100%.
350 group ,Data size:35000 1930.52 ms  Data Accept.       Accuracy:100%.
351 group ,Data size:35100 1949 ms  Data Accept.       Accuracy:100%.
352 group ,Data size:35200 1958.26 ms  Data Accept.       Accuracy:100%.
353 group ,Data size:35300 1980.05 ms  Data Accept.       Accuracy:100%.
354 group ,Data size:35400 2045.51 ms  Data Accept.       Accuracy:100%.
355 group ,Data size:35500 2124.48 ms  Data Accept.       Accuracy:100%.
356 group ,Data size:35600 1979.06 ms  Data Accept.       Accuracy:100%.
357 group ,Data size:35700 2010.45 ms  Data Accept.       Accuracy:100%.
358 group ,Data size:35800 1998.72 ms  Data Accept.       Accuracy:100%.
359 group ,Data size:35900 2019.31 ms  Data Accept.       Accuracy:100%.
360 group ,Data size:36000 2022.14 ms  Data Accept.       Accuracy:100%.
361 group ,Data size:36100 2068.93 ms  Data Accept.       Accuracy:100%.
362 group ,Data size:36200 2325.21 ms  Data Accept.       Accuracy:100%.
363 group ,Data size:36300 2069.34 ms  Data Accept.       Accuracy:100%.
364 group ,Data size:36400 2095.98 ms  Data Accept.       Accuracy:100%.
365 group ,Data size:36500 2089.55 ms  Data Accept.       Accuracy:100%.
366 group ,Data size:36600 2767.86 ms  Data Accept.       Accuracy:100%.
367 group ,Data size:36700 2750.03 ms  Data Accept.       Accuracy:100%.
368 group ,Data size:36800 2486.52 ms  Data Accept.       Accuracy:100%.
369 group ,Data size:36900 2381.22 ms  Data Accept.       Accuracy:100%.
370 group ,Data size:37000 2894.81 ms  Data Accept.       Accuracy:100%.
371 group ,Data size:37100 3776.85 ms  Data Accept.       Accuracy:100%.
372 group ,Data size:37200 2845.93 ms  Data Accept.       Accuracy:100%.
373 group ,Data size:37300 2483.36 ms  Data Accept.       Accuracy:100%.
374 group ,Data size:37400 2299.56 ms  Data Accept.       Accuracy:100%.
375 group ,Data size:37500 2373.53 ms  Data Accept.       Accuracy:100%.
376 group ,Data size:37600 2869.38 ms  Data Accept.       Accuracy:100%.
377 group ,Data size:37700 3706.3 ms  Data Accept.       Accuracy:100%.
378 group ,Data size:37800 3344.1 ms  Data Accept.       Accuracy:100%.
379 group ,Data size:37900 3294.66 ms  Data Accept.       Accuracy:100%.
380 group ,Data size:38000 2857.1 ms  Data Accept.       Accuracy:100%.
381 group ,Data size:38100 3030.3 ms  Data Accept.       Accuracy:100%.
382 group ,Data size:38200 2972.53 ms  Data Accept.       Accuracy:100%.
383 group ,Data size:38300 3342.89 ms  Data Accept.       Accuracy:100%.
384 group ,Data size:38400 2737.51 ms  Data Accept.       Accuracy:100%.
385 group ,Data size:38500 2630.4 ms  Data Accept.       Accuracy:100%.
386 group ,Data size:38600 2605.66 ms  Data Accept.       Accuracy:100%.
387 group ,Data size:38700 2419.97 ms  Data Accept.       Accuracy:100%.
388 group ,Data size:38800 3399.37 ms  Data Accept.       Accuracy:100%.
389 group ,Data size:38900 3829.39 ms  Data Accept.       Accuracy:100%.
390 group ,Data size:39000 4449.55 ms  Data Accept.       Accuracy:100%.
391 group ,Data size:39100 2918.52 ms  Data Accept.       Accuracy:100%.
392 group ,Data size:39200 2699.57 ms  Data Accept.       Accuracy:100%.
393 group ,Data size:39300 2567.92 ms  Data Accept.       Accuracy:100%.
394 group ,Data size:39400 2508.89 ms  Data Accept.       Accuracy:100%.
395 group ,Data size:39500 3002.34 ms  Data Accept.       Accuracy:100%.
396 group ,Data size:39600 2990.52 ms  Data Accept.       Accuracy:100%.
397 group ,Data size:39700 2735.19 ms  Data Accept.       Accuracy:100%.
398 group ,Data size:39800 3657.45 ms  Data Accept.       Accuracy:100%.
399 group ,Data size:39900 3162.47 ms  Data Accept.       Accuracy:100%.
400 group ,Data size:40000 3974.65 ms  Data Accept.       Accuracy:100%.
401 group ,Data size:40100 3062.09 ms  Data Accept.       Accuracy:100%.
402 group ,Data size:40200 3787.34 ms  Data Accept.       Accuracy:100%.
403 group ,Data size:40300 3516.29 ms  Data Accept.       Accuracy:100%.
404 group ,Data size:40400 2795.21 ms  Data Accept.       Accuracy:100%.
405 group ,Data size:40500 2773.54 ms  Data Accept.       Accuracy:100%.
406 group ,Data size:40600 4437.73 ms  Data Accept.       Accuracy:100%.
407 group ,Data size:40700 2964.08 ms  Data Accept.       Accuracy:100%.
408 group ,Data size:40800 3291.54 ms  Data Accept.       Accuracy:100%.
409 group ,Data size:40900 3152.62 ms  Data Accept.       Accuracy:100%.
410 group ,Data size:41000 3089.99 ms  Data Accept.       Accuracy:100%.
411 group ,Data size:41100 3028.42 ms  Data Accept.       Accuracy:100%.
412 group ,Data size:41200 3144.93 ms  Data Accept.       Accuracy:100%.
413 group ,Data size:41300 3313.43 ms  Data Accept.       Accuracy:100%.
414 group ,Data size:41400 3200.02 ms  Data Accept.       Accuracy:100%.
415 group ,Data size:41500 3056.19 ms  Data Accept.       Accuracy:100%.
416 group ,Data size:41600 3069.8 ms  Data Accept.       Accuracy:100%.
417 group ,Data size:41700 3905.34 ms  Data Accept.       Accuracy:100%.
418 group ,Data size:41800 3048.09 ms  Data Accept.       Accuracy:100%.
419 group ,Data size:41900 3044.1 ms  Data Accept.       Accuracy:100%.
420 group ,Data size:42000 3081.49 ms  Data Accept.       Accuracy:100%.
421 group ,Data size:42100 3164.47 ms  Data Accept.       Accuracy:100%.
422 group ,Data size:42200 3332.09 ms  Data Accept.       Accuracy:100%.
423 group ,Data size:42300 3450.07 ms  Data Accept.       Accuracy:100%.
424 group ,Data size:42400 3185.54 ms  Data Accept.       Accuracy:100%.
425 group ,Data size:42500 4072.78 ms  Data Accept.       Accuracy:100%.
426 group ,Data size:42600 3318.61 ms  Data Accept.       Accuracy:100%.
427 group ,Data size:42700 3403.14 ms  Data Accept.       Accuracy:100%.
428 group ,Data size:42800 3230.58 ms  Data Accept.       Accuracy:100%.
429 group ,Data size:42900 3839.71 ms  Data Accept.       Accuracy:100%.
430 group ,Data size:43000 3999.55 ms  Data Accept.       Accuracy:100%.
431 group ,Data size:43100 3053.84 ms  Data Accept.       Accuracy:100%.
432 group ,Data size:43200 3450.88 ms  Data Accept.       Accuracy:100%.
433 group ,Data size:43300 3888.47 ms  Data Accept.       Accuracy:100%.
434 group ,Data size:43400 3049.91 ms  Data Accept.       Accuracy:100%.
435 group ,Data size:43500 3200.85 ms  Data Accept.       Accuracy:100%.
